<?xml version="1.0" encoding="UTF-8"?>
<testng-results skipped="0" failed="0" total="1" passed="1">
  <reporter-output>
  </reporter-output>
  <suite name="Suite" duration-ms="20" started-at="2020-01-31T06:39:04Z" finished-at="2020-01-31T06:39:04Z">
    <groups>
    </groups>
    <test name="Test" duration-ms="20" started-at="2020-01-31T06:39:04Z" finished-at="2020-01-31T06:39:04Z">
      <class name="interview.TestCasesSet1.LoginTests">
        <test-method status="PASS" signature="testmethod12()[pri:1, instance:interview.TestCasesSet1.LoginTests@66d33a]" name="testmethod12" duration-ms="6" started-at="2020-01-31T12:09:04Z" finished-at="2020-01-31T12:09:04Z">
          <reporter-output>
          </reporter-output>
        </test-method> <!-- testmethod12 -->
      </class> <!-- interview.TestCasesSet1.LoginTests -->
    </test> <!-- Test -->
  </suite> <!-- Suite -->
</testng-results>
