<?xml version="1.0" encoding="UTF-8"?>
<testng-results skipped="0" failed="0" total="1" passed="1">
  <reporter-output>
  </reporter-output>
  <suite name="Suite" duration-ms="28" started-at="2020-01-27T06:12:55Z" finished-at="2020-01-27T06:12:55Z">
    <groups>
    </groups>
    <test name="Test" duration-ms="28" started-at="2020-01-27T06:12:55Z" finished-at="2020-01-27T06:12:55Z">
      <class name="interview.TestCasesSet1.LoginTests">
        <test-method status="PASS" signature="testmethod12()[pri:1, instance:interview.TestCasesSet1.LoginTests@5056dfcb]" name="testmethod12" duration-ms="11" started-at="2020-01-27T11:42:55Z" finished-at="2020-01-27T11:42:55Z">
          <reporter-output>
          </reporter-output>
        </test-method> <!-- testmethod12 -->
      </class> <!-- interview.TestCasesSet1.LoginTests -->
    </test> <!-- Test -->
  </suite> <!-- Suite -->
</testng-results>
